2025-10-16 09:46:44,797 - db_helper - INFO - fetch_expenses_for_date: 2024-08-01
2025-10-16 09:46:46,173 - db_helper - INFO - fetch_expense_summary called for : 2024-08-01, 2024-08-05
2025-10-16 09:51:04,492 - db_helper - INFO - fetch_expenses_for_date: 2024-08-10
2025-10-16 09:51:14,682 - db_helper - INFO - fetch_expenses_for_date: 2024-08-15
2025-10-16 09:52:49,161 - db_helper - INFO - delete_expense called for : 2025-08-10
2025-10-16 09:52:49,217 - db_helper - INFO - insert_expense called for : 2025-08-10, 150.0, Bills, Electricity and Gas bills
2025-10-16 11:21:52,017 - db_helper - INFO - fetch_expenses_for_date: 2024-08-01
2025-10-16 11:21:58,420 - db_helper - INFO - fetch_expenses_for_date: 2024-08-01
2025-10-16 11:22:01,966 - db_helper - INFO - fetch_expenses_for_date: 2024-08-02
2025-10-16 11:22:10,223 - db_helper - INFO - fetch_expenses_for_date: 2024-08-01
2025-10-16 11:23:26,962 - db_helper - INFO - fetch_expenses_for_date: 2024-08-01
2025-10-16 11:24:50,360 - db_helper - INFO - fetch_expenses_for_date: 2024-08-10
2025-10-16 11:24:53,358 - db_helper - INFO - fetch_expenses_for_date: 2024-08-10
2025-10-16 11:25:12,953 - db_helper - INFO - fetch_expenses_for_date: 2024-08-15
2025-10-16 11:25:15,224 - db_helper - INFO - fetch_expenses_for_date: 2024-08-15
2025-10-16 11:35:35,888 - db_helper - INFO - fetch_expenses_for_date: 2025-08-15
2025-10-16 11:35:35,905 - db_helper - INFO - fetch_expenses_for_date: 2025-08-15
2025-10-16 11:35:48,305 - db_helper - INFO - fetch_expenses_for_date: 2024-08-01
2025-10-16 11:35:54,643 - db_helper - INFO - fetch_expenses_for_date: 2025-08-01
2025-10-16 11:47:21,280 - db_helper - INFO - fetch_expenses_for_date: 2024-08-01
2025-10-16 11:48:42,928 - db_helper - INFO - fetch_expenses_for_date: 2024-08-01
2025-10-16 11:51:15,456 - db_helper - INFO - fetch_expenses_for_date: 2024-08-01
2025-10-16 11:53:21,173 - db_helper - INFO - fetch_expenses_for_date: 2024-08-01
2025-10-16 11:53:38,272 - db_helper - INFO - fetch_expenses_for_date: 2024-08-01
2025-10-16 12:01:55,594 - db_helper - INFO - fetch_expenses_for_date: 2024-08-01
2025-10-16 12:03:41,729 - db_helper - INFO - fetch_expenses_for_date: 2024-08-04
2025-10-16 12:03:51,725 - db_helper - INFO - fetch_expenses_for_date: 2024-08-04
2025-10-16 12:03:57,932 - db_helper - INFO - fetch_expenses_for_date: 2024-08-01
2025-10-16 12:04:00,057 - db_helper - INFO - fetch_expenses_for_date: 2024-08-01
2025-10-16 12:04:02,707 - db_helper - INFO - fetch_expenses_for_date: 2024-08-10
2025-10-16 12:08:47,588 - db_helper - INFO - fetch_expenses_for_date: 2024-08-02
2025-10-16 12:08:53,714 - db_helper - INFO - fetch_expenses_for_date: 2024-08-03
2025-10-16 12:09:02,593 - db_helper - INFO - fetch_expenses_for_date: 2024-08-10
2025-10-16 12:09:12,048 - db_helper - INFO - fetch_expenses_for_date: 2024-08-13
2025-10-16 12:09:15,437 - db_helper - INFO - fetch_expenses_for_date: 2024-08-12
2025-10-16 12:09:54,818 - db_helper - INFO - fetch_expenses_for_date: 2024-08-03
2025-10-16 12:10:00,922 - db_helper - INFO - fetch_expenses_for_date: 2024-08-01
2025-10-16 12:10:04,898 - db_helper - INFO - fetch_expenses_for_date: 2024-08-03
2025-10-16 12:10:09,047 - db_helper - INFO - fetch_expenses_for_date: 2024-08-03
2025-10-16 12:10:13,417 - db_helper - INFO - fetch_expenses_for_date: 2024-08-03
2025-10-16 12:10:20,312 - db_helper - INFO - fetch_expenses_for_date: 2024-08-04
2025-10-16 12:10:22,662 - db_helper - INFO - fetch_expenses_for_date: 2024-08-04
2025-10-16 12:11:41,211 - db_helper - INFO - fetch_expenses_for_date: 2025-08-03
2025-10-16 12:12:48,996 - db_helper - INFO - fetch_expenses_for_date: 2024-08-01
2025-10-16 12:12:52,834 - db_helper - INFO - fetch_expenses_for_date: 2024-08-03
2025-10-16 12:12:55,417 - db_helper - INFO - fetch_expenses_for_date: 2024-08-03
2025-10-16 12:12:59,484 - db_helper - INFO - fetch_expenses_for_date: 2024-08-02
2025-10-16 12:13:01,537 - db_helper - INFO - fetch_expenses_for_date: 2024-08-02
2025-10-16 12:13:22,889 - db_helper - INFO - fetch_expenses_for_date: 2025-08-03
2025-10-16 12:13:38,523 - db_helper - INFO - fetch_expenses_for_date: 2024-08-03
2025-10-16 12:14:26,505 - db_helper - INFO - fetch_expenses_for_date: 2024-08-03
2025-10-16 12:14:28,876 - db_helper - INFO - fetch_expenses_for_date: 2024-08-03
2025-10-16 12:14:32,397 - db_helper - INFO - fetch_expenses_for_date: 2024-08-03
2025-10-16 12:14:36,174 - db_helper - INFO - fetch_expenses_for_date: 2024-08-03
2025-10-16 12:16:08,069 - db_helper - INFO - fetch_expenses_for_date: 2024-08-02
2025-10-16 12:16:21,947 - db_helper - INFO - fetch_expenses_for_date: 2024-08-02
2025-10-16 12:16:26,977 - db_helper - INFO - fetch_expenses_for_date: 2024-08-01
2025-10-16 12:16:30,543 - db_helper - INFO - fetch_expenses_for_date: 2024-08-02
2025-10-16 12:16:32,157 - db_helper - INFO - fetch_expenses_for_date: 2024-08-02
2025-10-16 12:16:36,992 - db_helper - INFO - fetch_expenses_for_date: 2024-08-01
2025-10-16 12:16:41,910 - db_helper - INFO - fetch_expenses_for_date: 2024-08-04
2025-10-16 12:16:43,930 - db_helper - INFO - fetch_expenses_for_date: 2024-08-04
2025-10-16 12:16:59,710 - db_helper - INFO - fetch_expenses_for_date: 2024-08-04
2025-10-16 12:17:20,290 - db_helper - INFO - fetch_expenses_for_date: 2024-08-04
2025-10-16 12:17:33,049 - db_helper - INFO - fetch_expenses_for_date: 2024-08-02
2025-10-16 12:19:29,620 - db_helper - INFO - fetch_expenses_for_date: 2024-08-02
2025-10-16 12:19:33,723 - db_helper - INFO - fetch_expenses_for_date: 2024-08-01
2025-10-16 12:19:42,396 - db_helper - INFO - fetch_expenses_for_date: 2024-08-03
2025-10-16 12:19:45,646 - db_helper - INFO - fetch_expenses_for_date: 2024-08-03
2025-10-16 12:19:51,397 - db_helper - INFO - fetch_expenses_for_date: 2024-08-06
2025-10-16 12:19:53,960 - db_helper - INFO - fetch_expenses_for_date: 2024-08-07
2025-10-16 12:20:05,860 - db_helper - INFO - fetch_expenses_for_date: 2024-08-03
2025-10-16 12:20:08,527 - db_helper - INFO - fetch_expenses_for_date: 2024-08-03
2025-10-16 12:22:12,856 - db_helper - INFO - fetch_expenses_for_date: 2024-08-03
2025-10-16 12:24:19,783 - db_helper - INFO - fetch_expenses_for_date: 2024-08-01
2025-10-16 12:24:32,729 - db_helper - INFO - fetch_expenses_for_date: 2024-08-02
2025-10-16 12:26:56,155 - db_helper - INFO - fetch_expenses_for_date: 2024-08-01
2025-10-16 12:27:01,894 - db_helper - INFO - fetch_expenses_for_date: 2024-08-02
2025-10-16 12:27:03,758 - db_helper - INFO - fetch_expenses_for_date: 2024-08-02
2025-10-16 12:27:47,279 - db_helper - INFO - fetch_expenses_for_date: 2024-08-01
2025-10-16 12:27:57,589 - db_helper - INFO - fetch_expenses_for_date: 2024-08-02
2025-10-16 12:34:56,136 - db_helper - INFO - fetch_expenses_for_date: 2024-08-01
2025-10-16 12:35:06,345 - db_helper - INFO - fetch_expenses_for_date: 2024-08-02
2025-10-16 12:35:18,852 - db_helper - INFO - fetch_expenses_for_date: 2024-08-10
2025-10-16 12:41:42,284 - db_helper - INFO - fetch_expenses_for_date: 2024-08-02
2025-10-16 12:41:42,332 - db_helper - INFO - fetch_expenses_for_date: 2024-08-02
2025-10-16 12:49:32,850 - db_helper - INFO - fetch_expenses_for_date: 2024-08-01
2025-10-16 12:49:41,951 - db_helper - INFO - fetch_expenses_for_date: 2024-08-02
2025-10-16 12:49:48,675 - db_helper - INFO - fetch_expenses_for_date: 2024-08-05
2025-10-16 12:50:22,374 - db_helper - INFO - fetch_expenses_for_date: 2024-08-15
2025-10-16 12:50:31,030 - db_helper - INFO - fetch_expenses_for_date: 2024-08-10
2025-10-16 13:06:57,335 - db_helper - INFO - fetch_expenses_for_date: 2024-08-01
2025-10-16 13:07:05,866 - db_helper - INFO - fetch_expenses_for_date: 2024-08-03
2025-10-16 13:16:10,910 - db_helper - INFO - fetch_expenses_for_date: 2024-08-01
2025-10-16 13:16:15,576 - db_helper - INFO - fetch_expenses_for_date: 2024-08-07
2025-10-16 13:17:27,472 - db_helper - INFO - fetch_expenses_for_date: 2024-08-07
2025-10-16 13:17:27,589 - db_helper - INFO - delete_expense called for : 2024-08-07
2025-10-16 13:17:27,627 - db_helper - INFO - insert_expense called for : 2024-08-07, 10.0, Food, KFC wings
2025-10-16 13:17:27,707 - db_helper - INFO - insert_expense called for : 2024-08-07, 1200.0, Rent, Monthly rent
2025-10-16 13:17:27,742 - db_helper - INFO - insert_expense called for : 2024-08-07, 90.0, Shopping, Bought Nike Shoes
2025-10-16 14:18:10,181 - db_helper - INFO - fetch_expenses_for_date: 2024-08-06
2025-10-16 14:18:41,949 - db_helper - INFO - fetch_expenses_for_date: 2024-08-01
2025-10-16 14:20:47,135 - db_helper - INFO - fetch_expenses_for_date: 2024-08-01
2025-10-16 14:20:54,976 - db_helper - INFO - fetch_expenses_for_date: 2024-08-02
2025-10-16 14:21:09,180 - db_helper - INFO - fetch_expenses_for_date: 2024-08-01
2025-10-16 14:21:29,828 - db_helper - INFO - fetch_expenses_for_date: 2024-08-01
2025-10-16 14:21:57,824 - db_helper - INFO - fetch_expenses_for_date: 2024-08-02
2025-10-16 14:39:01,450 - db_helper - INFO - fetch_expenses_for_date: 2024-08-01
2025-10-16 14:39:11,599 - db_helper - INFO - fetch_expenses_for_date: 2024-08-02
2025-10-16 14:42:37,319 - db_helper - INFO - fetch_expenses_for_date: 2024-08-01
2025-10-16 15:27:01,041 - db_helper - INFO - fetch_expense_summary called for : 2024-08-01, 2024-08-05
2025-10-16 16:25:42,298 - db_helper - INFO - fetch_expense_summary called for : 2024-08-01, 2024-08-05
2025-10-16 17:11:19,508 - db_helper - INFO - fetch_expense_summary called for : 2024-08-01, 2024-08-05
2025-10-16 17:12:31,685 - db_helper - INFO - fetch_expenses_for_date: 2024-08-01
2025-10-16 17:12:38,288 - db_helper - INFO - fetch_expenses_for_date: 2024-08-04
2025-10-16 17:12:40,122 - db_helper - INFO - fetch_expenses_for_date: 2024-08-05
2025-10-16 17:14:37,192 - db_helper - INFO - fetch_expenses_for_date: 2024-08-01
2025-10-16 17:22:18,676 - db_helper - INFO - fetch_expenses_for_date: 2024-08-01
2025-10-16 17:22:29,318 - db_helper - INFO - fetch_expenses_for_date: 2024-08-01
2025-10-16 17:27:54,726 - db_helper - INFO - fetch_expenses_for_date: 2024-08-01
2025-10-16 17:41:38,605 - db_helper - INFO - fetch_expenses_for_date: 2024-08-01
2025-10-16 17:41:46,211 - db_helper - INFO - fetch_expenses_for_date: 2024-08-01
2025-10-16 17:41:46,288 - db_helper - INFO - fetch_expense_summary called for : 2024-08-01, 2024-08-05
2025-10-16 17:42:04,577 - db_helper - INFO - fetch_expenses_for_date: 2024-08-01
2025-10-16 17:42:06,546 - db_helper - INFO - fetch_expenses_for_date: 2024-08-01
2025-10-16 17:42:06,589 - db_helper - INFO - fetch_expense_summary called for : 2024-08-01, 2024-08-08
2025-10-16 17:42:11,153 - db_helper - INFO - fetch_expenses_for_date: 2024-08-01
2025-10-16 17:42:11,199 - db_helper - INFO - fetch_expense_summary called for : 2024-08-01, 2024-08-08
2025-10-16 17:42:13,692 - db_helper - INFO - fetch_expenses_for_date: 2024-08-01
2025-10-16 17:43:06,441 - db_helper - INFO - fetch_expenses_for_date: 2024-08-01
2025-10-16 17:43:06,486 - db_helper - INFO - fetch_expense_summary called for : 2024-08-01, 2024-08-05
2025-10-16 17:47:04,662 - db_helper - INFO - fetch_expenses_for_date: 2024-08-01
2025-10-16 17:47:09,733 - db_helper - INFO - fetch_expenses_for_date: 2024-08-01
2025-10-16 17:47:09,777 - db_helper - INFO - fetch_expense_summary called for : 2024-08-01, 2024-08-05
2025-10-16 17:51:29,501 - db_helper - INFO - fetch_expenses_for_date: 2024-08-01
2025-10-16 17:51:34,327 - db_helper - INFO - fetch_expenses_for_date: 2024-08-01
2025-10-16 17:51:34,379 - db_helper - INFO - fetch_expense_summary called for : 2024-08-01, 2024-08-05
2025-10-16 17:52:21,159 - db_helper - INFO - fetch_expenses_for_date: 2024-08-01
2025-10-16 17:52:39,595 - db_helper - INFO - fetch_expenses_for_date: 2024-08-01
2025-10-16 17:52:42,458 - db_helper - INFO - fetch_expense_summary called for : 2024-08-01, 2024-08-05
2025-10-16 17:54:03,666 - db_helper - INFO - fetch_expenses_for_date: 2024-08-01
2025-10-16 17:54:14,024 - db_helper - INFO - fetch_expenses_for_date: 2024-08-01
2025-10-16 17:54:14,074 - db_helper - INFO - fetch_expense_summary called for : 2024-08-01, 2024-08-05
2025-10-16 17:55:12,494 - db_helper - INFO - fetch_expenses_for_date: 2024-08-01
2025-10-16 17:55:16,989 - db_helper - INFO - fetch_expenses_for_date: 2024-08-01
2025-10-16 17:55:17,043 - db_helper - INFO - fetch_expense_summary called for : 2024-08-01, 2024-08-05
2025-10-16 17:57:55,564 - db_helper - INFO - fetch_expenses_for_date: 2024-08-01
2025-10-16 17:58:00,974 - db_helper - INFO - fetch_expenses_for_date: 2024-08-01
2025-10-16 17:58:01,028 - db_helper - INFO - fetch_expense_summary called for : 2024-08-01, 2024-08-05
2025-10-16 17:59:46,410 - db_helper - INFO - fetch_expenses_for_date: 2024-08-01
2025-10-16 17:59:50,741 - db_helper - INFO - fetch_expenses_for_date: 2024-08-01
2025-10-16 17:59:50,796 - db_helper - INFO - fetch_expense_summary called for : 2024-08-01, 2024-08-05
2025-10-16 18:01:09,328 - db_helper - INFO - fetch_expenses_for_date: 2024-08-01
2025-10-16 18:01:13,943 - db_helper - INFO - fetch_expenses_for_date: 2024-08-01
2025-10-16 18:01:14,005 - db_helper - INFO - fetch_expense_summary called for : 2024-08-01, 2024-08-05
2025-10-16 18:01:35,982 - db_helper - INFO - fetch_expenses_for_date: 2024-08-01
2025-10-16 18:01:40,522 - db_helper - INFO - fetch_expenses_for_date: 2024-08-01
2025-10-16 18:01:40,565 - db_helper - INFO - fetch_expense_summary called for : 2024-08-01, 2024-08-05
2025-10-16 18:02:53,712 - db_helper - INFO - fetch_expenses_for_date: 2024-08-01
2025-10-16 18:02:57,539 - db_helper - INFO - fetch_expenses_for_date: 2024-08-01
2025-10-16 18:02:57,589 - db_helper - INFO - fetch_expense_summary called for : 2024-08-01, 2024-08-05
2025-10-16 18:04:38,981 - db_helper - INFO - fetch_expenses_for_date: 2024-08-01
2025-10-16 18:04:43,671 - db_helper - INFO - fetch_expenses_for_date: 2024-08-01
2025-10-16 18:04:43,715 - db_helper - INFO - fetch_expense_summary called for : 2024-08-01, 2024-08-05
2025-10-16 18:06:49,583 - db_helper - INFO - fetch_expenses_for_date: 2024-08-01
2025-10-16 18:06:53,751 - db_helper - INFO - fetch_expenses_for_date: 2024-08-01
2025-10-16 18:06:53,797 - db_helper - INFO - fetch_expense_summary called for : 2024-08-01, 2024-08-05
2025-10-16 18:08:41,892 - db_helper - INFO - fetch_expenses_for_date: 2024-08-01
2025-10-16 18:08:45,584 - db_helper - INFO - fetch_expenses_for_date: 2024-08-01
2025-10-16 18:08:45,626 - db_helper - INFO - fetch_expense_summary called for : 2024-08-01, 2024-08-05
2025-10-16 18:14:45,769 - db_helper - INFO - fetch_expenses_for_date: 2024-08-01
2025-10-16 18:14:51,432 - db_helper - INFO - fetch_expenses_for_date: 2024-08-01
2025-10-16 18:14:51,519 - db_helper - INFO - fetch_expense_summary called for : 2024-08-01, 2024-08-05
2025-10-16 18:16:49,622 - db_helper - INFO - fetch_expenses_for_date: 2024-08-01
2025-10-16 18:16:56,858 - db_helper - INFO - fetch_expenses_for_date: 2024-08-01
2025-10-16 18:16:56,909 - db_helper - INFO - fetch_expense_summary called for : 2024-08-01, 2024-08-05
2025-10-16 18:27:04,215 - db_helper - INFO - fetch_expenses_for_date: 2024-08-01
2025-10-16 18:27:10,100 - db_helper - INFO - fetch_expenses_for_date: 2024-08-01
2025-10-16 18:27:10,181 - db_helper - INFO - fetch_expense_summary called for : 2024-08-01, 2024-08-05
2025-10-16 18:27:54,183 - db_helper - INFO - fetch_expenses_for_date: 2024-08-01
2025-10-16 18:27:59,876 - db_helper - INFO - fetch_expenses_for_date: 2024-08-01
2025-10-16 18:27:59,917 - db_helper - INFO - fetch_expense_summary called for : 2024-08-01, 2024-08-05
2025-10-16 18:30:21,391 - db_helper - INFO - fetch_expenses_for_date: 2024-08-01
2025-10-16 18:30:28,382 - db_helper - INFO - fetch_expenses_for_date: 2024-08-01
2025-10-16 18:30:28,436 - db_helper - INFO - fetch_expense_summary called for : 2024-08-01, 2024-08-05
2025-10-16 18:31:29,521 - db_helper - INFO - fetch_expenses_for_date: 2024-08-01
2025-10-16 18:31:34,915 - db_helper - INFO - fetch_expenses_for_date: 2024-08-01
2025-10-16 18:31:34,978 - db_helper - INFO - fetch_expense_summary called for : 2024-08-01, 2024-08-05
2025-10-17 08:34:34,041 - db_helper - INFO - fetch_expenses_for_date: 2024-08-01
2025-10-17 08:34:41,095 - db_helper - INFO - fetch_expenses_for_date: 2024-08-06
2025-10-17 08:34:51,412 - db_helper - INFO - fetch_expenses_for_date: 2024-08-06
2025-10-17 08:34:51,470 - db_helper - INFO - fetch_expense_summary called for : 2024-08-01, 2024-08-05
2025-10-17 08:37:35,669 - db_helper - INFO - fetch_expenses_for_date: 2024-08-01
2025-10-17 08:37:39,744 - db_helper - INFO - fetch_expenses_for_date: 2024-08-01
2025-10-17 08:37:39,804 - db_helper - INFO - fetch_expense_summary called for : 2024-08-01, 2024-08-05
2025-10-17 08:38:47,643 - db_helper - INFO - fetch_expenses_for_date: 2024-08-01
2025-10-17 08:38:51,157 - db_helper - INFO - fetch_expenses_for_date: 2024-08-01
2025-10-17 08:38:51,253 - db_helper - INFO - fetch_expense_summary called for : 2024-08-01, 2024-08-05
2025-10-17 08:39:15,798 - db_helper - INFO - fetch_expenses_for_date: 2024-08-01
2025-10-17 08:39:20,388 - db_helper - INFO - fetch_expenses_for_date: 2024-08-01
2025-10-17 08:39:20,444 - db_helper - INFO - fetch_expense_summary called for : 2024-08-01, 2024-08-05
2025-10-17 08:39:53,999 - db_helper - INFO - fetch_expenses_for_date: 2024-08-01
2025-10-17 08:39:57,009 - db_helper - INFO - fetch_expenses_for_date: 2024-08-01
2025-10-17 08:39:57,064 - db_helper - INFO - fetch_expense_summary called for : 2024-08-01, 2024-08-05
2025-10-17 08:44:33,532 - db_helper - INFO - fetch_expense_summary called for : 2024-08-01, 2024-08-05
2025-10-17 08:47:01,647 - db_helper - INFO - fetch_expense_summary called for : 2024-08-01, 2024-08-05
2025-10-17 08:49:03,663 - db_helper - INFO - fetch_expense_summary called for : 2024-08-01, 2024-08-05
2025-10-17 08:51:05,599 - db_helper - INFO - fetch_expense_summary called for : 2024-08-01, 2024-08-05
2025-10-17 08:51:21,098 - db_helper - INFO - fetch_expense_summary called for : 2024-08-01, 2024-08-05
2025-10-17 08:51:52,236 - db_helper - INFO - fetch_expense_summary called for : 2024-08-01, 2024-08-05
2025-10-17 08:52:13,840 - db_helper - INFO - fetch_expense_summary called for : 2024-08-01, 2024-08-05
2025-10-17 08:53:27,819 - db_helper - INFO - fetch_expense_summary called for : 2024-08-01, 2024-08-05
2025-10-17 08:55:59,688 - db_helper - INFO - fetch_expenses_for_date: 2024-08-01
2025-10-17 08:56:04,185 - db_helper - INFO - fetch_expenses_for_date: 2024-08-01
2025-10-17 08:56:04,233 - db_helper - INFO - fetch_expense_summary called for : 2024-08-01, 2024-08-05
2025-10-17 08:56:07,364 - db_helper - INFO - fetch_expenses_for_date: 2024-08-01
2025-10-17 08:56:07,407 - db_helper - INFO - fetch_expense_summary called for : 2024-08-01, 2024-08-05
2025-10-17 08:56:08,884 - db_helper - INFO - fetch_expenses_for_date: 2024-08-01
2025-10-17 08:56:08,931 - db_helper - INFO - fetch_expense_summary called for : 2024-08-01, 2024-08-05
2025-10-17 08:57:51,594 - db_helper - INFO - fetch_expenses_for_date: 2024-08-01
2025-10-17 08:57:55,183 - db_helper - INFO - fetch_expenses_for_date: 2024-08-01
2025-10-17 08:57:55,221 - db_helper - INFO - fetch_expense_summary called for : 2024-08-01, 2024-08-05
2025-10-17 08:59:32,418 - db_helper - INFO - fetch_expenses_for_date: 2024-08-01
2025-10-17 08:59:39,922 - db_helper - INFO - fetch_expenses_for_date: 2024-08-01
2025-10-17 08:59:39,970 - db_helper - INFO - fetch_expense_summary called for : 2024-08-01, 2024-08-05
2025-10-17 09:01:18,099 - db_helper - INFO - fetch_expenses_for_date: 2024-08-01
2025-10-17 09:01:21,588 - db_helper - INFO - fetch_expenses_for_date: 2024-08-01
2025-10-17 09:01:21,646 - db_helper - INFO - fetch_expense_summary called for : 2024-08-01, 2024-08-05
2025-10-17 09:02:20,713 - db_helper - INFO - fetch_expenses_for_date: 2024-08-01
2025-10-17 09:02:26,579 - db_helper - INFO - fetch_expenses_for_date: 2024-08-01
2025-10-17 09:02:26,629 - db_helper - INFO - fetch_expense_summary called for : 2024-08-01, 2024-08-05
2025-10-17 09:09:29,023 - db_helper - INFO - fetch_expenses_for_date: 2024-08-01
2025-10-17 09:09:33,497 - db_helper - INFO - fetch_expenses_for_date: 2024-08-01
2025-10-17 09:09:33,532 - db_helper - INFO - fetch_expense_summary called for : 2024-08-01, 2024-08-05
2025-10-17 09:10:51,944 - db_helper - INFO - fetch_expenses_for_date: 2024-08-01
2025-10-17 09:10:55,449 - db_helper - INFO - fetch_expenses_for_date: 2024-08-01
2025-10-17 09:10:55,498 - db_helper - INFO - fetch_expense_summary called for : 2024-08-01, 2024-08-05
2025-10-17 09:11:46,244 - db_helper - INFO - fetch_expenses_for_date: 2024-08-01
2025-10-17 09:11:51,496 - db_helper - INFO - fetch_expenses_for_date: 2024-08-01
2025-10-17 09:11:51,527 - db_helper - INFO - fetch_expense_summary called for : 2024-08-01, 2024-08-05
2025-10-17 09:13:07,422 - db_helper - INFO - fetch_expenses_for_date: 2024-08-01
2025-10-17 09:13:10,074 - db_helper - INFO - fetch_expenses_for_date: 2024-08-01
2025-10-17 09:13:10,116 - db_helper - INFO - fetch_expense_summary called for : 2024-08-01, 2024-08-05
2025-10-17 09:16:22,037 - db_helper - INFO - fetch_expenses_for_date: 2024-08-01
2025-10-17 09:16:26,180 - db_helper - INFO - fetch_expenses_for_date: 2024-08-01
2025-10-17 09:16:26,224 - db_helper - INFO - fetch_expense_summary called for : 2024-08-01, 2024-08-05
2025-10-17 09:17:05,692 - db_helper - INFO - fetch_expenses_for_date: 2024-08-01
2025-10-17 09:17:12,319 - db_helper - INFO - fetch_expenses_for_date: 2024-08-01
2025-10-17 09:17:12,383 - db_helper - INFO - fetch_expense_summary called for : 2024-08-01, 2024-08-05
2025-10-17 10:13:11,904 - db_helper - INFO - fetch_expenses_for_date: 2024-08-01
2025-10-17 10:13:18,277 - db_helper - INFO - fetch_expenses_for_date: 2024-08-01
2025-10-17 10:13:18,331 - db_helper - INFO - fetch_expense_summary called for : 2024-08-01, 2024-08-05
2025-10-17 10:16:45,305 - db_helper - INFO - fetch_expenses_for_date: 2024-08-01
2025-10-17 10:16:52,078 - db_helper - INFO - fetch_expenses_for_date: 2024-08-01
2025-10-17 10:16:52,130 - db_helper - INFO - fetch_expense_summary called for : 2024-08-01, 2024-08-05
2025-10-17 11:55:27,049 - db_helper - INFO - fetch_expenses_for_date: 2024-08-01
2025-10-17 11:55:28,270 - db_helper - INFO - fetch_expense_summary called for : 2024-08-01, 2024-08-05
2025-10-17 11:55:28,358 - db_helper - INFO - fetch_analytics_by_months called
2025-10-17 11:57:47,851 - db_helper - INFO - fetch_expenses_for_date: 2024-08-01
2025-10-17 11:57:47,920 - db_helper - INFO - fetch_expense_summary called for : 2024-08-01, 2024-08-05
2025-10-17 11:57:47,941 - db_helper - INFO - fetch_analytics_by_months called
2025-10-17 12:06:23,099 - db_helper - INFO - fetch_analytics_by_months called
2025-10-17 12:12:44,150 - db_helper - INFO - fetch_expenses_for_date: 2024-08-01
2025-10-17 12:12:44,914 - db_helper - INFO - fetch_analytics_by_months called
2025-10-17 12:12:54,654 - db_helper - INFO - fetch_expenses_for_date: 2024-08-01
2025-10-17 12:12:54,704 - db_helper - INFO - fetch_analytics_by_months called
2025-10-17 12:14:21,545 - db_helper - INFO - fetch_expenses_for_date: 2024-08-01
2025-10-17 12:14:21,600 - db_helper - INFO - fetch_analytics_by_months called
2025-10-17 12:18:02,804 - db_helper - INFO - fetch_expenses_for_date: 2024-08-01
2025-10-17 12:18:03,887 - db_helper - INFO - fetch_analytics_by_months called
2025-10-17 12:22:31,518 - db_helper - INFO - fetch_expenses_for_date: 2024-08-01
2025-10-17 12:22:32,330 - db_helper - INFO - fetch_analytics_by_months called
2025-10-17 12:22:40,355 - db_helper - INFO - fetch_expenses_for_date: 2024-08-01
2025-10-17 12:22:40,439 - db_helper - INFO - fetch_expense_summary called for : 2024-08-01, 2024-08-05
2025-10-17 12:22:40,650 - db_helper - INFO - fetch_analytics_by_months called
2025-10-17 12:23:21,894 - db_helper - INFO - fetch_expense_summary called for : 2024-08-01, 2024-08-05
2025-10-17 12:29:37,003 - db_helper - INFO - fetch_expenses_for_date: 2024-08-01
2025-10-17 12:29:37,786 - db_helper - INFO - fetch_analytics_by_months called
2025-10-17 12:29:41,416 - db_helper - INFO - fetch_expenses_for_date: 2024-08-01
2025-10-17 12:29:41,462 - db_helper - INFO - fetch_expense_summary called for : 2024-08-01, 2024-08-05
2025-10-17 12:29:41,546 - db_helper - INFO - fetch_analytics_by_months called
2025-10-17 12:31:26,065 - db_helper - INFO - fetch_expenses_for_date: 2024-08-01
2025-10-17 12:31:26,114 - db_helper - INFO - fetch_analytics_by_months called
2025-10-17 12:33:14,307 - db_helper - INFO - fetch_expenses_for_date: 2024-08-01
2025-10-17 12:33:14,372 - db_helper - INFO - fetch_analytics_by_months called
2025-10-17 12:33:58,346 - db_helper - INFO - fetch_expenses_for_date: 2024-08-01
2025-10-17 12:33:58,398 - db_helper - INFO - fetch_analytics_by_months called
2025-10-18 09:53:55,202 - db_helper - INFO - fetch_expenses_for_date: 2024-08-01
2025-10-18 09:53:56,488 - db_helper - INFO - fetch_analytics_by_months called
2025-10-18 09:54:06,226 - db_helper - INFO - fetch_expenses_for_date: 2024-08-01
2025-10-18 09:54:06,283 - db_helper - INFO - fetch_expense_summary called for : 2024-08-01, 2024-08-05
2025-10-18 09:54:06,333 - db_helper - INFO - fetch_analytics_by_months called
2025-10-19 15:20:20,266 - db_helper - INFO - fetch_expenses_for_date: 2024-08-01
2025-10-19 15:20:21,797 - db_helper - INFO - fetch_analytics_by_months called
2025-10-19 15:20:33,552 - db_helper - INFO - fetch_expenses_for_date: 2024-08-10
2025-10-19 15:20:33,598 - db_helper - INFO - fetch_analytics_by_months called
2025-10-19 15:20:36,899 - db_helper - INFO - fetch_expenses_for_date: 2024-08-15
2025-10-19 15:20:36,942 - db_helper - INFO - fetch_analytics_by_months called
2025-10-19 15:20:40,133 - db_helper - INFO - fetch_expenses_for_date: 2024-08-07
2025-10-19 15:20:40,170 - db_helper - INFO - fetch_analytics_by_months called
2025-10-19 15:20:45,551 - db_helper - INFO - fetch_expenses_for_date: 2024-08-10
2025-10-19 15:20:45,591 - db_helper - INFO - fetch_analytics_by_months called
2025-10-19 15:20:48,481 - db_helper - INFO - fetch_expenses_for_date: 2024-08-03
2025-10-19 15:20:48,522 - db_helper - INFO - fetch_analytics_by_months called
2025-10-19 15:22:52,155 - db_helper - INFO - fetch_expenses_for_date: 2024-08-03
2025-10-19 15:22:52,202 - db_helper - INFO - fetch_analytics_by_months called
2025-10-19 15:22:55,267 - db_helper - INFO - fetch_expenses_for_date: 2024-08-03
2025-10-19 15:22:55,303 - db_helper - INFO - fetch_analytics_by_months called
2025-10-19 15:22:56,667 - db_helper - INFO - fetch_expenses_for_date: 2024-08-03
2025-10-19 15:22:56,708 - db_helper - INFO - fetch_expense_summary called for : 2024-08-03, 2024-08-07
2025-10-19 15:22:56,759 - db_helper - INFO - fetch_analytics_by_months called
